# JRE version: OpenJDK Runtime Environment Temurin-21.0.10+7 (21.0.10+7) (build 21.0.10+7-LTS)
# Java VM: OpenJDK 64-Bit Server VM Temurin-21.0.10+7 (21.0.10+7-LTS, mixed mode, sharing, tiered, compressed oops, compressed class ptrs, parallel gc, windows-amd64)
GC Precious Log:
 CardTable entry size: 512
 CPUs: 12 total, 12 available
 Memory: 7809M
 Large Page Support: Disabled
 NUMA Support: Disabled
 Compressed Oops: Enabled (32-bit)
 Alignments: Space 512K, Generation 512K, Heap 2M
 Heap Min Capacity: 100M
 Heap Initial Capacity: 100M
 Heap Max Capacity: 2G
 Pre-touch: Disabled
 Parallel Workers: 10
Heap:
 PSYoungGen      total 1536K, used 644K [0x00000000d5580000, 0x00000000d5800000, 0x0000000100000000)
  eden space 1024K, 41% used [0x00000000d5580000,0x00000000d55e93b0,0x00000000d5680000)
  from space 512K, 43% used [0x00000000d5780000,0x00000000d57b8000,0x00000000d5800000)
  to   space 512K, 0% used [0x00000000d5700000,0x00000000d5700000,0x00000000d5780000)
 ParOldGen       total 648704K, used 197265K [0x0000000080000000, 0x00000000a7980000, 0x00000000d5580000)
  object space 648704K, 30% used [0x0000000080000000,0x000000008c0a4540,0x00000000a7980000)
 Metaspace       used 75075K, committed 76672K, reserved 1179648K
  class space    used 7586K, committed 8320K, reserved 1048576K
GC Heap History (20 events):
Event: 98023.296 GC heap before
{Heap before GC invocations=571 (full 4):
 PSYoungGen      total 1536K, used 1497K [0x00000000d5580000, 0x00000000d5780000, 0x0000000100000000)
  eden space 1024K, 100% used [0x00000000d5580000,0x00000000d5680000,0x00000000d5680000)
  from space 512K, 92% used [0x00000000d5700000,0x00000000d57765e0,0x00000000d5780000)
  to   space 512K, 0% used [0x00000000d5680000,0x00000000d5680000,0x00000000d5700000)
 ParOldGen       total 648704K, used 193400K [0x0000000080000000, 0x00000000a7980000, 0x00000000d5580000)
  object space 648704K, 29% used [0x0000000080000000,0x000000008bcde218,0x00000000a7980000)
 Metaspace       used 74926K, committed 76544K, reserved 1179648K
  class space    used 7550K, committed 8256K, reserved 1048576K
}
Event: 98023.297 GC heap after
{Heap after GC invocations=571 (full 4):
 PSYoungGen      total 1536K, used 484K [0x00000000d5580000, 0x00000000d5980000, 0x0000000100000000)
  eden space 1024K, 0% used [0x00000000d5580000,0x00000000d5580000,0x00000000d5680000)
  from space 512K, 94% used [0x00000000d5680000,0x00000000d56f93f8,0x00000000d5700000)
  to   space 1536K, 0% used [0x00000000d5800000,0x00000000d5800000,0x00000000d5980000)
 ParOldGen       total 648704K, used 194172K [0x0000000080000000, 0x00000000a7980000, 0x00000000d5580000)
  object space 648704K, 29% used [0x0000000080000000,0x000000008bd9f300,0x00000000a7980000)
 Metaspace       used 74926K, committed 76544K, reserved 1179648K
  class space    used 7550K, committed 8256K, reserved 1048576K
}
Event: 98023.375 GC heap before
{Heap before GC invocations=572 (full 4):
 PSYoungGen      total 1536K, used 1508K [0x00000000d5580000, 0x00000000d5980000, 0x0000000100000000)
  eden space 1024K, 100% used [0x00000000d5580000,0x00000000d5680000,0x00000000d5680000)
  from space 512K, 94% used [0x00000000d5680000,0x00000000d56f93f8,0x00000000d5700000)
  to   space 1536K, 0% used [0x00000000d5800000,0x00000000d5800000,0x00000000d5980000)
 ParOldGen       total 648704K, used 194172K [0x0000000080000000, 0x00000000a7980000, 0x00000000d5580000)
  object space 648704K, 29% used [0x0000000080000000,0x000000008bd9f300,0x00000000a7980000)
 Metaspace       used 74926K, committed 76544K, reserved 1179648K
  class space    used 7550K, committed 8256K, reserved 1048576K
}
Event: 98023.376 GC heap after
{Heap after GC invocations=572 (full 4):
 PSYoungGen      total 2560K, used 1049K [0x00000000d5580000, 0x00000000d5980000, 0x0000000100000000)
  eden space 1024K, 0% used [0x00000000d5580000,0x00000000d5580000,0x00000000d5680000)
  from space 1536K, 68% used [0x00000000d5800000,0x00000000d59064e0,0x00000000d5980000)
  to   space 1536K, 0% used [0x00000000d5680000,0x00000000d5680000,0x00000000d5800000)
 ParOldGen       total 648704K, used 194696K [0x0000000080000000, 0x00000000a7980000, 0x00000000d5580000)
  object space 648704K, 30% used [0x0000000080000000,0x000000008be22290,0x00000000a7980000)
 Metaspace       used 74926K, committed 76544K, reserved 1179648K
  class space    used 7550K, committed 8256K, reserved 1048576K
}
Event: 98023.776 GC heap before
{Heap before GC invocations=573 (full 4):
 PSYoungGen      total 2560K, used 2073K [0x00000000d5580000, 0x00000000d5980000, 0x0000000100000000)
  eden space 1024K, 100% used [0x00000000d5580000,0x00000000d5680000,0x00000000d5680000)
  from space 1536K, 68% used [0x00000000d5800000,0x00000000d59064e0,0x00000000d5980000)
  to   space 1536K, 0% used [0x00000000d5680000,0x00000000d5680000,0x00000000d5800000)
 ParOldGen       total 648704K, used 194696K [0x0000000080000000, 0x00000000a7980000, 0x00000000d5580000)
  object space 648704K, 30% used [0x0000000080000000,0x000000008be22290,0x00000000a7980000)
 Metaspace       used 74996K, committed 76608K, reserved 1179648K
  class space    used 7570K, committed 8320K, reserved 1048576K
}
Event: 98023.778 GC heap after
{Heap after GC invocations=573 (full 4):
 PSYoungGen      total 2048K, used 744K [0x00000000d5580000, 0x00000000d5880000, 0x0000000100000000)
  eden space 1024K, 0% used [0x00000000d5580000,0x00000000d5580000,0x00000000d5680000)
  from space 1024K, 72% used [0x00000000d5680000,0x00000000d573a1b8,0x00000000d5780000)
  to   space 1024K, 0% used [0x00000000d5780000,0x00000000d5780000,0x00000000d5880000)
 ParOldGen       total 648704K, used 195548K [0x0000000080000000, 0x00000000a7980000, 0x00000000d5580000)
  object space 648704K, 30% used [0x0000000080000000,0x000000008bef7238,0x00000000a7980000)
 Metaspace       used 74996K, committed 76608K, reserved 1179648K
  class space    used 7570K, committed 8320K, reserved 1048576K
}
Event: 98023.796 GC heap before
{Heap before GC invocations=574 (full 4):
 PSYoungGen      total 2048K, used 1768K [0x00000000d5580000, 0x00000000d5880000, 0x0000000100000000)
  eden space 1024K, 100% used [0x00000000d5580000,0x00000000d5680000,0x00000000d5680000)
  from space 1024K, 72% used [0x00000000d5680000,0x00000000d573a1b8,0x00000000d5780000)
  to   space 1024K, 0% used [0x00000000d5780000,0x00000000d5780000,0x00000000d5880000)
 ParOldGen       total 648704K, used 195548K [0x0000000080000000, 0x00000000a7980000, 0x00000000d5580000)
  object space 648704K, 30% used [0x0000000080000000,0x000000008bef7238,0x00000000a7980000)
 Metaspace       used 74996K, committed 76608K, reserved 1179648K
  class space    used 7570K, committed 8320K, reserved 1048576K
}
Event: 98023.798 GC heap after
{Heap after GC invocations=574 (full 4):
 PSYoungGen      total 2048K, used 448K [0x00000000d5580000, 0x00000000d5880000, 0x0000000100000000)
  eden space 1024K, 0% used [0x00000000d5580000,0x00000000d5580000,0x00000000d5680000)
  from space 1024K, 43% used [0x00000000d5780000,0x00000000d57f0000,0x00000000d5880000)
  to   space 1024K, 0% used [0x00000000d5680000,0x00000000d5680000,0x00000000d5780000)
 ParOldGen       total 648704K, used 196129K [0x0000000080000000, 0x00000000a7980000, 0x00000000d5580000)
  object space 648704K, 30% used [0x0000000080000000,0x000000008bf88540,0x00000000a7980000)
 Metaspace       used 74996K, committed 76608K, reserved 1179648K
  class space    used 7570K, committed 8320K, reserved 1048576K
}
Event: 98023.831 GC heap before
{Heap before GC invocations=575 (full 4):
 PSYoungGen      total 2048K, used 1469K [0x00000000d5580000, 0x00000000d5880000, 0x0000000100000000)
  eden space 1024K, 99% used [0x00000000d5580000,0x00000000d567f6c8,0x00000000d5680000)
  from space 1024K, 43% used [0x00000000d5780000,0x00000000d57f0000,0x00000000d5880000)
  to   space 1024K, 0% used [0x00000000d5680000,0x00000000d5680000,0x00000000d5780000)
 ParOldGen       total 648704K, used 196129K [0x0000000080000000, 0x00000000a7980000, 0x00000000d5580000)
  object space 648704K, 30% used [0x0000000080000000,0x000000008bf88540,0x00000000a7980000)
 Metaspace       used 74998K, committed 76608K, reserved 1179648K
  class space    used 7570K, committed 8320K, reserved 1048576K
}
Event: 98023.835 GC heap after
{Heap after GC invocations=575 (full 4):
 PSYoungGen      total 2048K, used 448K [0x00000000d5580000, 0x00000000d5800000, 0x0000000100000000)
  eden space 1024K, 0% used [0x00000000d5580000,0x00000000d5580000,0x00000000d5680000)
  from space 1024K, 43% used [0x00000000d5680000,0x00000000d56f0000,0x00000000d5780000)
  to   space 512K, 0% used [0x00000000d5780000,0x00000000d5780000,0x00000000d5800000)
 ParOldGen       total 648704K, used 196409K [0x0000000080000000, 0x00000000a7980000, 0x00000000d5580000)
  object space 648704K, 30% used [0x0000000080000000,0x000000008bfce540,0x00000000a7980000)
 Metaspace       used 74998K, committed 76608K, reserved 1179648K
  class space    used 7570K, committed 8320K, reserved 1048576K
}
Event: 98023.844 GC heap before
{Heap before GC invocations=576 (full 4):
 PSYoungGen      total 2048K, used 1472K [0x00000000d5580000, 0x00000000d5800000, 0x0000000100000000)
  eden space 1024K, 100% used [0x00000000d5580000,0x00000000d5680000,0x00000000d5680000)
  from space 1024K, 43% used [0x00000000d5680000,0x00000000d56f0000,0x00000000d5780000)
  to   space 512K, 0% used [0x00000000d5780000,0x00000000d5780000,0x00000000d5800000)
 ParOldGen       total 648704K, used 196409K [0x0000000080000000, 0x00000000a7980000, 0x00000000d5580000)
  object space 648704K, 30% used [0x0000000080000000,0x000000008bfce540,0x00000000a7980000)
 Metaspace       used 74999K, committed 76608K, reserved 1179648K
  class space    used 7570K, committed 8320K, reserved 1048576K
}
Event: 98023.847 GC heap after
{Heap after GC invocations=576 (full 4):
 PSYoungGen      total 1536K, used 256K [0x00000000d5580000, 0x00000000d5800000, 0x0000000100000000)
  eden space 1024K, 0% used [0x00000000d5580000,0x00000000d5580000,0x00000000d5680000)
  from space 512K, 50% used [0x00000000d5780000,0x00000000d57c0000,0x00000000d5800000)
  to   space 512K, 0% used [0x00000000d5700000,0x00000000d5700000,0x00000000d5780000)
 ParOldGen       total 648704K, used 196737K [0x0000000080000000, 0x00000000a7980000, 0x00000000d5580000)
  object space 648704K, 30% used [0x0000000080000000,0x000000008c020540,0x00000000a7980000)
 Metaspace       used 74999K, committed 76608K, reserved 1179648K
  class space    used 7570K, committed 8320K, reserved 1048576K
}
Event: 98023.860 GC heap before
{Heap before GC invocations=577 (full 4):
 PSYoungGen      total 1536K, used 1279K [0x00000000d5580000, 0x00000000d5800000, 0x0000000100000000)
  eden space 1024K, 99% used [0x00000000d5580000,0x00000000d567fff0,0x00000000d5680000)
  from space 512K, 50% used [0x00000000d5780000,0x00000000d57c0000,0x00000000d5800000)
  to   space 512K, 0% used [0x00000000d5700000,0x00000000d5700000,0x00000000d5780000)
 ParOldGen       total 648704K, used 196737K [0x0000000080000000, 0x00000000a7980000, 0x00000000d5580000)
  object space 648704K, 30% used [0x0000000080000000,0x000000008c020540,0x00000000a7980000)
 Metaspace       used 74999K, committed 76608K, reserved 1179648K
  class space    used 7570K, committed 8320K, reserved 1048576K
}
Event: 98023.860 GC heap after
{Heap after GC invocations=577 (full 4):
 PSYoungGen      total 1536K, used 256K [0x00000000d5580000, 0x00000000d5800000, 0x0000000100000000)
  eden space 1024K, 0% used [0x00000000d5580000,0x00000000d5580000,0x00000000d5680000)
  from space 512K, 50% used [0x00000000d5700000,0x00000000d5740000,0x00000000d5780000)
  to   space 512K, 0% used [0x00000000d5780000,0x00000000d5780000,0x00000000d5800000)
 ParOldGen       total 648704K, used 196777K [0x0000000080000000, 0x00000000a7980000, 0x00000000d5580000)
  object space 648704K, 30% used [0x0000000080000000,0x000000008c02a540,0x00000000a7980000)
 Metaspace       used 74999K, committed 76608K, reserved 1179648K
  class space    used 7570K, committed 8320K, reserved 1048576K
}
Event: 98023.878 GC heap before
{Heap before GC invocations=578 (full 4):
 PSYoungGen      total 1536K, used 1246K [0x00000000d5580000, 0x00000000d5800000, 0x0000000100000000)
  eden space 1024K, 96% used [0x00000000d5580000,0x00000000d56778c0,0x00000000d5680000)
  from space 512K, 50% used [0x00000000d5700000,0x00000000d5740000,0x00000000d5780000)
  to   space 512K, 0% used [0x00000000d5780000,0x00000000d5780000,0x00000000d5800000)
 ParOldGen       total 648704K, used 196777K [0x0000000080000000, 0x00000000a7980000, 0x00000000d5580000)
  object space 648704K, 30% used [0x0000000080000000,0x000000008c02a540,0x00000000a7980000)
 Metaspace       used 75000K, committed 76608K, reserved 1179648K
  class space    used 7570K, committed 8320K, reserved 1048576K
}
Event: 98023.881 GC heap after
{Heap after GC invocations=578 (full 4):
 PSYoungGen      total 1536K, used 484K [0x00000000d5580000, 0x00000000d5880000, 0x0000000100000000)
  eden space 1024K, 0% used [0x00000000d5580000,0x00000000d5580000,0x00000000d5680000)
  from space 512K, 94% used [0x00000000d5780000,0x00000000d57f9320,0x00000000d5800000)
  to   space 1024K, 0% used [0x00000000d5680000,0x00000000d5680000,0x00000000d5780000)
 ParOldGen       total 648704K, used 196833K [0x0000000080000000, 0x00000000a7980000, 0x00000000d5580000)
  object space 648704K, 30% used [0x0000000080000000,0x000000008c038540,0x00000000a7980000)
 Metaspace       used 75000K, committed 76608K, reserved 1179648K
  class space    used 7570K, committed 8320K, reserved 1048576K
}
Event: 98023.957 GC heap before
{Heap before GC invocations=579 (full 4):
 PSYoungGen      total 1536K, used 1508K [0x00000000d5580000, 0x00000000d5880000, 0x0000000100000000)
  eden space 1024K, 100% used [0x00000000d5580000,0x00000000d5680000,0x00000000d5680000)
  from space 512K, 94% used [0x00000000d5780000,0x00000000d57f9320,0x00000000d5800000)
  to   space 1024K, 0% used [0x00000000d5680000,0x00000000d5680000,0x00000000d5780000)
 ParOldGen       total 648704K, used 196833K [0x0000000080000000, 0x00000000a7980000, 0x00000000d5580000)
  object space 648704K, 30% used [0x0000000080000000,0x000000008c038540,0x00000000a7980000)
 Metaspace       used 75054K, committed 76672K, reserved 1179648K
  class space    used 7586K, committed 8320K, reserved 1048576K
}
Event: 98023.960 GC heap after
{Heap after GC invocations=579 (full 4):
 PSYoungGen      total 2048K, used 352K [0x00000000d5580000, 0x00000000d5800000, 0x0000000100000000)
  eden space 1024K, 0% used [0x00000000d5580000,0x00000000d5580000,0x00000000d5680000)
  from space 1024K, 34% used [0x00000000d5680000,0x00000000d56d8000,0x00000000d5780000)
  to   space 512K, 0% used [0x00000000d5780000,0x00000000d5780000,0x00000000d5800000)
 ParOldGen       total 648704K, used 197081K [0x0000000080000000, 0x00000000a7980000, 0x00000000d5580000)
  object space 648704K, 30% used [0x0000000080000000,0x000000008c076540,0x00000000a7980000)
 Metaspace       used 75054K, committed 76672K, reserved 1179648K
  class space    used 7586K, committed 8320K, reserved 1048576K
}
Event: 116928.004 GC heap before
{Heap before GC invocations=580 (full 4):
 PSYoungGen      total 2048K, used 1376K [0x00000000d5580000, 0x00000000d5800000, 0x0000000100000000)
  eden space 1024K, 100% used [0x00000000d5580000,0x00000000d5680000,0x00000000d5680000)
  from space 1024K, 34% used [0x00000000d5680000,0x00000000d56d8000,0x00000000d5780000)
  to   space 512K, 0% used [0x00000000d5780000,0x00000000d5780000,0x00000000d5800000)
 ParOldGen       total 648704K, used 197081K [0x0000000080000000, 0x00000000a7980000, 0x00000000d5580000)
  object space 648704K, 30% used [0x0000000080000000,0x000000008c076540,0x00000000a7980000)
 Metaspace       used 75072K, committed 76672K, reserved 1179648K
  class space    used 7586K, committed 8320K, reserved 1048576K
}
Event: 116928.120 GC heap after
{Heap after GC invocations=580 (full 4):
 PSYoungGen      total 1536K, used 224K [0x00000000d5580000, 0x00000000d5800000, 0x0000000100000000)
  eden space 1024K, 0% used [0x00000000d5580000,0x00000000d5580000,0x00000000d5680000)
  from space 512K, 43% used [0x00000000d5780000,0x00000000d57b8000,0x00000000d5800000)
  to   space 512K, 0% used [0x00000000d5700000,0x00000000d5700000,0x00000000d5780000)
 ParOldGen       total 648704K, used 197265K [0x0000000080000000, 0x00000000a7980000, 0x00000000d5580000)
  object space 648704K, 30% used [0x0000000080000000,0x000000008c0a4540,0x00000000a7980000)
 Metaspace       used 75072K, committed 76672K, reserved 1179648K
  class space    used 7586K, committed 8320K, reserved 1048576K
}

