# JRE version: OpenJDK Runtime Environment Temurin-21.0.10+7 (21.0.10+7) (build 21.0.10+7-LTS)
# Java VM: OpenJDK 64-Bit Server VM Temurin-21.0.10+7 (21.0.10+7-LTS, mixed mode, sharing, tiered, compressed oops, compressed class ptrs, parallel gc, windows-amd64)
GC Precious Log:
 CardTable entry size: 512
 CPUs: 12 total, 12 available
 Memory: 7809M
 Large Page Support: Disabled
 NUMA Support: Disabled
 Compressed Oops: Enabled (32-bit)
 Alignments: Space 512K, Generation 512K, Heap 2M
 Heap Min Capacity: 100M
 Heap Initial Capacity: 100M
 Heap Max Capacity: 2G
 Pre-touch: Disabled
 Parallel Workers: 10
Heap:
 PSYoungGen      total 2560K, used 1550K [0x00000000d5580000, 0x00000000d5a80000, 0x0000000100000000)
  eden space 2048K, 74% used [0x00000000d5580000,0x00000000d56fb938,0x00000000d5780000)
  from space 512K, 6% used [0x00000000d5980000,0x00000000d5988000,0x00000000d5a00000)
  to   space 512K, 0% used [0x00000000d5a00000,0x00000000d5a00000,0x00000000d5a80000)
 ParOldGen       total 1331712K, used 1330764K [0x0000000080000000, 0x00000000d1480000, 0x00000000d5580000)
  object space 1331712K, 99% used [0x0000000080000000,0x00000000d1393260,0x00000000d1480000)
 Metaspace       used 81188K, committed 82816K, reserved 1179648K
  class space    used 8243K, committed 9152K, reserved 1048576K
GC Heap History (20 events):
Event: 36247.730 GC heap before
{Heap before GC invocations=1112 (full 5):
 PSYoungGen      total 1536K, used 1376K [0x00000000d5580000, 0x00000000d5d00000, 0x0000000100000000)
  eden space 1024K, 100% used [0x00000000d5580000,0x00000000d5680000,0x00000000d5680000)
  from space 512K, 68% used [0x00000000d5680000,0x00000000d56d8000,0x00000000d5700000)
  to   space 2560K, 0% used [0x00000000d5a80000,0x00000000d5a80000,0x00000000d5d00000)
 ParOldGen       total 1299456K, used 1299132K [0x0000000080000000, 0x00000000cf500000, 0x00000000d5580000)
  object space 1299456K, 99% used [0x0000000080000000,0x00000000cf4af100,0x00000000cf500000)
 Metaspace       used 81176K, committed 82816K, reserved 1179648K
  class space    used 8243K, committed 9152K, reserved 1048576K
}
Event: 36247.733 GC heap after
{Heap after GC invocations=1112 (full 5):
 PSYoungGen      total 2048K, used 288K [0x00000000d5580000, 0x00000000d5b00000, 0x0000000100000000)
  eden space 1536K, 0% used [0x00000000d5580000,0x00000000d5580000,0x00000000d5700000)
  from space 512K, 56% used [0x00000000d5a80000,0x00000000d5ac8000,0x00000000d5b00000)
  to   space 1024K, 0% used [0x00000000d5900000,0x00000000d5900000,0x00000000d5a00000)
 ParOldGen       total 1299456K, used 1299332K [0x0000000080000000, 0x00000000cf500000, 0x00000000d5580000)
  object space 1299456K, 99% used [0x0000000080000000,0x00000000cf4e1100,0x00000000cf500000)
 Metaspace       used 81176K, committed 82816K, reserved 1179648K
  class space    used 8243K, committed 9152K, reserved 1048576K
}
Event: 36247.775 GC heap before
{Heap before GC invocations=1113 (full 5):
 PSYoungGen      total 2048K, used 1824K [0x00000000d5580000, 0x00000000d5b00000, 0x0000000100000000)
  eden space 1536K, 100% used [0x00000000d5580000,0x00000000d5700000,0x00000000d5700000)
  from space 512K, 56% used [0x00000000d5a80000,0x00000000d5ac8000,0x00000000d5b00000)
  to   space 1024K, 0% used [0x00000000d5900000,0x00000000d5900000,0x00000000d5a00000)
 ParOldGen       total 1299456K, used 1299332K [0x0000000080000000, 0x00000000cf500000, 0x00000000d5580000)
  object space 1299456K, 99% used [0x0000000080000000,0x00000000cf4e1100,0x00000000cf500000)
 Metaspace       used 81178K, committed 82816K, reserved 1179648K
  class space    used 8243K, committed 9152K, reserved 1048576K
}
Event: 36247.781 GC heap after
{Heap after GC invocations=1113 (full 5):
 PSYoungGen      total 3072K, used 480K [0x00000000d5580000, 0x00000000d5b00000, 0x0000000100000000)
  eden space 2048K, 0% used [0x00000000d5580000,0x00000000d5580000,0x00000000d5780000)
  from space 1024K, 46% used [0x00000000d5900000,0x00000000d5978000,0x00000000d5a00000)
  to   space 1024K, 0% used [0x00000000d5a00000,0x00000000d5a00000,0x00000000d5b00000)
 ParOldGen       total 1299968K, used 1299468K [0x0000000080000000, 0x00000000cf580000, 0x00000000d5580000)
  object space 1299968K, 99% used [0x0000000080000000,0x00000000cf503100,0x00000000cf580000)
 Metaspace       used 81178K, committed 82816K, reserved 1179648K
  class space    used 8243K, committed 9152K, reserved 1048576K
}
Event: 36247.849 GC heap before
{Heap before GC invocations=1114 (full 5):
 PSYoungGen      total 3072K, used 2528K [0x00000000d5580000, 0x00000000d5b00000, 0x0000000100000000)
  eden space 2048K, 100% used [0x00000000d5580000,0x00000000d5780000,0x00000000d5780000)
  from space 1024K, 46% used [0x00000000d5900000,0x00000000d5978000,0x00000000d5a00000)
  to   space 1024K, 0% used [0x00000000d5a00000,0x00000000d5a00000,0x00000000d5b00000)
 ParOldGen       total 1331712K, used 1330188K [0x0000000080000000, 0x00000000d1480000, 0x00000000d5580000)
  object space 1331712K, 99% used [0x0000000080000000,0x00000000d1303130,0x00000000d1480000)
 Metaspace       used 81184K, committed 82816K, reserved 1179648K
  class space    used 8243K, committed 9152K, reserved 1048576K
}
Event: 36247.852 GC heap after
{Heap after GC invocations=1114 (full 5):
 PSYoungGen      total 2560K, used 288K [0x00000000d5580000, 0x00000000d5a80000, 0x0000000100000000)
  eden space 2048K, 0% used [0x00000000d5580000,0x00000000d5580000,0x00000000d5780000)
  from space 512K, 56% used [0x00000000d5a00000,0x00000000d5a48000,0x00000000d5a80000)
  to   space 512K, 0% used [0x00000000d5980000,0x00000000d5980000,0x00000000d5a00000)
 ParOldGen       total 1331712K, used 1330500K [0x0000000080000000, 0x00000000d1480000, 0x00000000d5580000)
  object space 1331712K, 99% used [0x0000000080000000,0x00000000d1351260,0x00000000d1480000)
 Metaspace       used 81184K, committed 82816K, reserved 1179648K
  class space    used 8243K, committed 9152K, reserved 1048576K
}
Event: 36515.840 GC heap before
{Heap before GC invocations=1115 (full 5):
 PSYoungGen      total 2560K, used 2336K [0x00000000d5580000, 0x00000000d5a80000, 0x0000000100000000)
  eden space 2048K, 100% used [0x00000000d5580000,0x00000000d5780000,0x00000000d5780000)
  from space 512K, 56% used [0x00000000d5a00000,0x00000000d5a48000,0x00000000d5a80000)
  to   space 512K, 0% used [0x00000000d5980000,0x00000000d5980000,0x00000000d5a00000)
 ParOldGen       total 1331712K, used 1330500K [0x0000000080000000, 0x00000000d1480000, 0x00000000d5580000)
  object space 1331712K, 99% used [0x0000000080000000,0x00000000d1351260,0x00000000d1480000)
 Metaspace       used 81188K, committed 82816K, reserved 1179648K
  class space    used 8243K, committed 9152K, reserved 1048576K
}
Event: 36516.041 GC heap after
{Heap after GC invocations=1115 (full 5):
 PSYoungGen      total 2560K, used 288K [0x00000000d5580000, 0x00000000d5a80000, 0x0000000100000000)
  eden space 2048K, 0% used [0x00000000d5580000,0x00000000d5580000,0x00000000d5780000)
  from space 512K, 56% used [0x00000000d5980000,0x00000000d59c8000,0x00000000d5a00000)
  to   space 512K, 0% used [0x00000000d5a00000,0x00000000d5a00000,0x00000000d5a80000)
 ParOldGen       total 1331712K, used 1330548K [0x0000000080000000, 0x00000000d1480000, 0x00000000d5580000)
  object space 1331712K, 99% used [0x0000000080000000,0x00000000d135d260,0x00000000d1480000)
 Metaspace       used 81188K, committed 82816K, reserved 1179648K
  class space    used 8243K, committed 9152K, reserved 1048576K
}
Event: 38803.666 GC heap before
{Heap before GC invocations=1116 (full 5):
 PSYoungGen      total 2560K, used 2336K [0x00000000d5580000, 0x00000000d5a80000, 0x0000000100000000)
  eden space 2048K, 100% used [0x00000000d5580000,0x00000000d5780000,0x00000000d5780000)
  from space 512K, 56% used [0x00000000d5980000,0x00000000d59c8000,0x00000000d5a00000)
  to   space 512K, 0% used [0x00000000d5a00000,0x00000000d5a00000,0x00000000d5a80000)
 ParOldGen       total 1331712K, used 1330548K [0x0000000080000000, 0x00000000d1480000, 0x00000000d5580000)
  object space 1331712K, 99% used [0x0000000080000000,0x00000000d135d260,0x00000000d1480000)
 Metaspace       used 81188K, committed 82816K, reserved 1179648K
  class space    used 8243K, committed 9152K, reserved 1048576K
}
Event: 38803.776 GC heap after
{Heap after GC invocations=1116 (full 5):
 PSYoungGen      total 2560K, used 192K [0x00000000d5580000, 0x00000000d5a80000, 0x0000000100000000)
  eden space 2048K, 0% used [0x00000000d5580000,0x00000000d5580000,0x00000000d5780000)
  from space 512K, 37% used [0x00000000d5a00000,0x00000000d5a30000,0x00000000d5a80000)
  to   space 512K, 0% used [0x00000000d5980000,0x00000000d5980000,0x00000000d5a00000)
 ParOldGen       total 1331712K, used 1330628K [0x0000000080000000, 0x00000000d1480000, 0x00000000d5580000)
  object space 1331712K, 99% used [0x0000000080000000,0x00000000d1371260,0x00000000d1480000)
 Metaspace       used 81188K, committed 82816K, reserved 1179648K
  class space    used 8243K, committed 9152K, reserved 1048576K
}
Event: 56605.709 GC heap before
{Heap before GC invocations=1117 (full 5):
 PSYoungGen      total 2560K, used 2240K [0x00000000d5580000, 0x00000000d5a80000, 0x0000000100000000)
  eden space 2048K, 100% used [0x00000000d5580000,0x00000000d5780000,0x00000000d5780000)
  from space 512K, 37% used [0x00000000d5a00000,0x00000000d5a30000,0x00000000d5a80000)
  to   space 512K, 0% used [0x00000000d5980000,0x00000000d5980000,0x00000000d5a00000)
 ParOldGen       total 1331712K, used 1330628K [0x0000000080000000, 0x00000000d1480000, 0x00000000d5580000)
  object space 1331712K, 99% used [0x0000000080000000,0x00000000d1371260,0x00000000d1480000)
 Metaspace       used 81188K, committed 82816K, reserved 1179648K
  class space    used 8243K, committed 9152K, reserved 1048576K
}
Event: 56607.015 GC heap after
{Heap after GC invocations=1117 (full 5):
 PSYoungGen      total 2560K, used 160K [0x00000000d5580000, 0x00000000d5a80000, 0x0000000100000000)
  eden space 2048K, 0% used [0x00000000d5580000,0x00000000d5580000,0x00000000d5780000)
  from space 512K, 31% used [0x00000000d5980000,0x00000000d59a8000,0x00000000d5a00000)
  to   space 512K, 0% used [0x00000000d5a00000,0x00000000d5a00000,0x00000000d5a80000)
 ParOldGen       total 1331712K, used 1330668K [0x0000000080000000, 0x00000000d1480000, 0x00000000d5580000)
  object space 1331712K, 99% used [0x0000000080000000,0x00000000d137b260,0x00000000d1480000)
 Metaspace       used 81188K, committed 82816K, reserved 1179648K
  class space    used 8243K, committed 9152K, reserved 1048576K
}
Event: 56607.063 GC heap before
{Heap before GC invocations=1118 (full 5):
 PSYoungGen      total 2560K, used 2208K [0x00000000d5580000, 0x00000000d5a80000, 0x0000000100000000)
  eden space 2048K, 100% used [0x00000000d5580000,0x00000000d5780000,0x00000000d5780000)
  from space 512K, 31% used [0x00000000d5980000,0x00000000d59a8000,0x00000000d5a00000)
  to   space 512K, 0% used [0x00000000d5a00000,0x00000000d5a00000,0x00000000d5a80000)
 ParOldGen       total 1331712K, used 1330668K [0x0000000080000000, 0x00000000d1480000, 0x00000000d5580000)
  object space 1331712K, 99% used [0x0000000080000000,0x00000000d137b260,0x00000000d1480000)
 Metaspace       used 81188K, committed 82816K, reserved 1179648K
  class space    used 8243K, committed 9152K, reserved 1048576K
}
Event: 56607.067 GC heap after
{Heap after GC invocations=1118 (full 5):
 PSYoungGen      total 2560K, used 32K [0x00000000d5580000, 0x00000000d5a80000, 0x0000000100000000)
  eden space 2048K, 0% used [0x00000000d5580000,0x00000000d5580000,0x00000000d5780000)
  from space 512K, 6% used [0x00000000d5a00000,0x00000000d5a08000,0x00000000d5a80000)
  to   space 512K, 0% used [0x00000000d5980000,0x00000000d5980000,0x00000000d5a00000)
 ParOldGen       total 1331712K, used 1330724K [0x0000000080000000, 0x00000000d1480000, 0x00000000d5580000)
  object space 1331712K, 99% used [0x0000000080000000,0x00000000d1389260,0x00000000d1480000)
 Metaspace       used 81188K, committed 82816K, reserved 1179648K
  class space    used 8243K, committed 9152K, reserved 1048576K
}
Event: 56607.099 GC heap before
{Heap before GC invocations=1119 (full 5):
 PSYoungGen      total 2560K, used 2080K [0x00000000d5580000, 0x00000000d5a80000, 0x0000000100000000)
  eden space 2048K, 100% used [0x00000000d5580000,0x00000000d5780000,0x00000000d5780000)
  from space 512K, 6% used [0x00000000d5a00000,0x00000000d5a08000,0x00000000d5a80000)
  to   space 512K, 0% used [0x00000000d5980000,0x00000000d5980000,0x00000000d5a00000)
 ParOldGen       total 1331712K, used 1330724K [0x0000000080000000, 0x00000000d1480000, 0x00000000d5580000)
  object space 1331712K, 99% used [0x0000000080000000,0x00000000d1389260,0x00000000d1480000)
 Metaspace       used 81188K, committed 82816K, reserved 1179648K
  class space    used 8243K, committed 9152K, reserved 1048576K
}
Event: 56607.101 GC heap after
{Heap after GC invocations=1119 (full 5):
 PSYoungGen      total 2560K, used 32K [0x00000000d5580000, 0x00000000d5a80000, 0x0000000100000000)
  eden space 2048K, 0% used [0x00000000d5580000,0x00000000d5580000,0x00000000d5780000)
  from space 512K, 6% used [0x00000000d5980000,0x00000000d5988000,0x00000000d5a00000)
  to   space 512K, 0% used [0x00000000d5a00000,0x00000000d5a00000,0x00000000d5a80000)
 ParOldGen       total 1331712K, used 1330724K [0x0000000080000000, 0x00000000d1480000, 0x00000000d5580000)
  object space 1331712K, 99% used [0x0000000080000000,0x00000000d1389260,0x00000000d1480000)
 Metaspace       used 81188K, committed 82816K, reserved 1179648K
  class space    used 8243K, committed 9152K, reserved 1048576K
}
Event: 65494.774 GC heap before
{Heap before GC invocations=1120 (full 5):
 PSYoungGen      total 2560K, used 2080K [0x00000000d5580000, 0x00000000d5a80000, 0x0000000100000000)
  eden space 2048K, 100% used [0x00000000d5580000,0x00000000d5780000,0x00000000d5780000)
  from space 512K, 6% used [0x00000000d5980000,0x00000000d5988000,0x00000000d5a00000)
  to   space 512K, 0% used [0x00000000d5a00000,0x00000000d5a00000,0x00000000d5a80000)
 ParOldGen       total 1331712K, used 1330724K [0x0000000080000000, 0x00000000d1480000, 0x00000000d5580000)
  object space 1331712K, 99% used [0x0000000080000000,0x00000000d1389260,0x00000000d1480000)
 Metaspace       used 81188K, committed 82816K, reserved 1179648K
  class space    used 8243K, committed 9152K, reserved 1048576K
}
Event: 65495.614 GC heap after
{Heap after GC invocations=1120 (full 5):
 PSYoungGen      total 2560K, used 224K [0x00000000d5580000, 0x00000000d5a80000, 0x0000000100000000)
  eden space 2048K, 0% used [0x00000000d5580000,0x00000000d5580000,0x00000000d5780000)
  from space 512K, 43% used [0x00000000d5a00000,0x00000000d5a38000,0x00000000d5a80000)
  to   space 512K, 0% used [0x00000000d5980000,0x00000000d5980000,0x00000000d5a00000)
 ParOldGen       total 1331712K, used 1330724K [0x0000000080000000, 0x00000000d1480000, 0x00000000d5580000)
  object space 1331712K, 99% used [0x0000000080000000,0x00000000d1389260,0x00000000d1480000)
 Metaspace       used 81188K, committed 82816K, reserved 1179648K
  class space    used 8243K, committed 9152K, reserved 1048576K
}
Event: 65495.718 GC heap before
{Heap before GC invocations=1121 (full 5):
 PSYoungGen      total 2560K, used 2272K [0x00000000d5580000, 0x00000000d5a80000, 0x0000000100000000)
  eden space 2048K, 100% used [0x00000000d5580000,0x00000000d5780000,0x00000000d5780000)
  from space 512K, 43% used [0x00000000d5a00000,0x00000000d5a38000,0x00000000d5a80000)
  to   space 512K, 0% used [0x00000000d5980000,0x00000000d5980000,0x00000000d5a00000)
 ParOldGen       total 1331712K, used 1330724K [0x0000000080000000, 0x00000000d1480000, 0x00000000d5580000)
  object space 1331712K, 99% used [0x0000000080000000,0x00000000d1389260,0x00000000d1480000)
 Metaspace       used 81188K, committed 82816K, reserved 1179648K
  class space    used 8243K, committed 9152K, reserved 1048576K
}
Event: 65495.720 GC heap after
{Heap after GC invocations=1121 (full 5):
 PSYoungGen      total 2560K, used 32K [0x00000000d5580000, 0x00000000d5a80000, 0x0000000100000000)
  eden space 2048K, 0% used [0x00000000d5580000,0x00000000d5580000,0x00000000d5780000)
  from space 512K, 6% used [0x00000000d5980000,0x00000000d5988000,0x00000000d5a00000)
  to   space 512K, 0% used [0x00000000d5a00000,0x00000000d5a00000,0x00000000d5a80000)
 ParOldGen       total 1331712K, used 1330764K [0x0000000080000000, 0x00000000d1480000, 0x00000000d5580000)
  object space 1331712K, 99% used [0x0000000080000000,0x00000000d1393260,0x00000000d1480000)
 Metaspace       used 81188K, committed 82816K, reserved 1179648K
  class space    used 8243K, committed 9152K, reserved 1048576K
}

